\BOOKMARK [0][-]{chapter.1}{\376\377\0001\000\040\000M\000a\000i\000n\000\040\000P\000a\000g\000e}{}% 1
\BOOKMARK [0][-]{chapter.2}{\376\377\0002\000\040\000H\000i\000e\000r\000a\000r\000c\000h\000i\000c\000a\000l\000\040\000I\000n\000d\000e\000x}{}% 2
\BOOKMARK [1][-]{section.2.1}{\376\377\0002\000.\0001\000\040\000C\000l\000a\000s\000s\000\040\000H\000i\000e\000r\000a\000r\000c\000h\000y}{chapter.2}% 3
\BOOKMARK [0][-]{chapter.3}{\376\377\0003\000\040\000C\000l\000a\000s\000s\000\040\000I\000n\000d\000e\000x}{}% 4
\BOOKMARK [1][-]{section.3.1}{\376\377\0003\000.\0001\000\040\000C\000l\000a\000s\000s\000\040\000L\000i\000s\000t}{chapter.3}% 5
\BOOKMARK [0][-]{chapter.4}{\376\377\0004\000\040\000F\000i\000l\000e\000\040\000I\000n\000d\000e\000x}{}% 6
\BOOKMARK [1][-]{section.4.1}{\376\377\0004\000.\0001\000\040\000F\000i\000l\000e\000\040\000L\000i\000s\000t}{chapter.4}% 7
\BOOKMARK [0][-]{chapter.5}{\376\377\0005\000\040\000C\000l\000a\000s\000s\000\040\000D\000o\000c\000u\000m\000e\000n\000t\000a\000t\000i\000o\000n}{}% 8
\BOOKMARK [1][-]{section.5.1}{\376\377\0005\000.\0001\000\040\000C\000o\000m\000p\000R\000e\000c\000\040\000S\000t\000r\000u\000c\000t\000\040\000R\000e\000f\000e\000r\000e\000n\000c\000e}{chapter.5}% 9
\BOOKMARK [2][-]{subsection.5.1.1}{\376\377\0005\000.\0001\000.\0001\000\040\000D\000e\000t\000a\000i\000l\000e\000d\000\040\000D\000e\000s\000c\000r\000i\000p\000t\000i\000o\000n}{section.5.1}% 10
\BOOKMARK [1][-]{section.5.2}{\376\377\0005\000.\0002\000\040\000d\000a\000t\000a\000b\000o\000x\000\040\000S\000t\000r\000u\000c\000t\000\040\000R\000e\000f\000e\000r\000e\000n\000c\000e}{chapter.5}% 11
\BOOKMARK [1][-]{section.5.3}{\376\377\0005\000.\0003\000\040\000d\000a\000t\000a\000o\000b\000j\000e\000c\000t\000\040\000C\000l\000a\000s\000s\000\040\000R\000e\000f\000e\000r\000e\000n\000c\000e}{chapter.5}% 12
\BOOKMARK [1][-]{section.5.4}{\376\377\0005\000.\0004\000\040\000d\000a\000t\000a\000r\000e\000c\000o\000r\000d\000\040\000C\000l\000a\000s\000s\000\040\000R\000e\000f\000e\000r\000e\000n\000c\000e}{chapter.5}% 13
\BOOKMARK [2][-]{subsection.5.4.1}{\376\377\0005\000.\0004\000.\0001\000\040\000M\000e\000m\000b\000e\000r\000\040\000F\000u\000n\000c\000t\000i\000o\000n\000\040\000D\000o\000c\000u\000m\000e\000n\000t\000a\000t\000i\000o\000n}{section.5.4}% 14
\BOOKMARK [3][-]{subsubsection.5.4.1.1}{\376\377\0005\000.\0004\000.\0001\000.\0001\000\040\000s\000c\000h\000e\000d\000u\000l\000e\000\050\000\051}{subsection.5.4.1}% 15
\BOOKMARK [1][-]{section.5.5}{\376\377\0005\000.\0005\000\040\000o\000d\000e\000p\000a\000c\000k\000\137\000d\000l\000s\000o\000d\000a\000\040\000C\000l\000a\000s\000s\000\040\000R\000e\000f\000e\000r\000e\000n\000c\000e}{chapter.5}% 16
\BOOKMARK [1][-]{section.5.6}{\376\377\0005\000.\0006\000\040\000o\000d\000e\000p\000r\000o\000b\000l\000e\000m\000\040\000C\000l\000a\000s\000s\000\040\000R\000e\000f\000e\000r\000e\000n\000c\000e}{chapter.5}% 17
\BOOKMARK [2][-]{subsection.5.6.1}{\376\377\0005\000.\0006\000.\0001\000\040\000C\000o\000n\000s\000t\000r\000u\000c\000t\000o\000r\000\040\000\046\000\040\000D\000e\000s\000t\000r\000u\000c\000t\000o\000r\000\040\000D\000o\000c\000u\000m\000e\000n\000t\000a\000t\000i\000o\000n}{section.5.6}% 18
\BOOKMARK [3][-]{subsubsection.5.6.1.1}{\376\377\0005\000.\0006\000.\0001\000.\0001\000\040\000\040\000o\000d\000e\000p\000r\000o\000b\000l\000e\000m\000\050\000\051}{subsection.5.6.1}% 19
\BOOKMARK [2][-]{subsection.5.6.2}{\376\377\0005\000.\0006\000.\0002\000\040\000M\000e\000m\000b\000e\000r\000\040\000F\000u\000n\000c\000t\000i\000o\000n\000\040\000D\000o\000c\000u\000m\000e\000n\000t\000a\000t\000i\000o\000n}{section.5.6}% 20
\BOOKMARK [3][-]{subsubsection.5.6.2.1}{\376\377\0005\000.\0006\000.\0002\000.\0001\000\040\000i\000n\000i\000t\000\137\000c\000a\000l\000l\000\050\000\051}{subsection.5.6.2}% 21
\BOOKMARK [3][-]{subsubsection.5.6.2.2}{\376\377\0005\000.\0006\000.\0002\000.\0002\000\040\000i\000n\000i\000t\000\137\000c\000a\000l\000l\000\137\000r\000e\000c\000o\000r\000d\000\050\000\051}{subsection.5.6.2}% 22
\BOOKMARK [3][-]{subsubsection.5.6.2.3}{\376\377\0005\000.\0006\000.\0002\000.\0003\000\040\000y\000\137\000i\000n\000i\000t\000\050\000\051}{subsection.5.6.2}% 23
\BOOKMARK [1][-]{section.5.7}{\376\377\0005\000.\0007\000\040\000r\000e\000s\000i\000m\000\040\000S\000t\000r\000u\000c\000t\000\040\000R\000e\000f\000e\000r\000e\000n\000c\000e}{chapter.5}% 24
\BOOKMARK [2][-]{subsection.5.7.1}{\376\377\0005\000.\0007\000.\0001\000\040\000D\000e\000t\000a\000i\000l\000e\000d\000\040\000D\000e\000s\000c\000r\000i\000p\000t\000i\000o\000n}{section.5.7}% 25
\BOOKMARK [0][-]{chapter.6}{\376\377\0006\000\040\000F\000i\000l\000e\000\040\000D\000o\000c\000u\000m\000e\000n\000t\000a\000t\000i\000o\000n}{}% 26
\BOOKMARK [1][-]{section.6.1}{\376\377\0006\000.\0001\000\040\000i\000n\000s\000t\000/\000i\000n\000c\000l\000u\000d\000e\000/\000d\000a\000t\000a\000o\000b\000j\000e\000c\000t\000.\000h\000\040\000F\000i\000l\000e\000\040\000R\000e\000f\000e\000r\000e\000n\000c\000e}{chapter.6}% 27
\BOOKMARK [1][-]{section.6.2}{\376\377\0006\000.\0002\000\040\000i\000n\000s\000t\000/\000i\000n\000c\000l\000u\000d\000e\000/\000d\000a\000t\000a\000r\000e\000c\000o\000r\000d\000.\000h\000\040\000F\000i\000l\000e\000\040\000R\000e\000f\000e\000r\000e\000n\000c\000e}{chapter.6}% 28
\BOOKMARK [1][-]{section.6.3}{\376\377\0006\000.\0003\000\040\000i\000n\000s\000t\000/\000i\000n\000c\000l\000u\000d\000e\000/\000m\000r\000g\000s\000o\000l\000v\000.\000h\000\040\000F\000i\000l\000e\000\040\000R\000e\000f\000e\000r\000e\000n\000c\000e}{chapter.6}% 29
\BOOKMARK [1][-]{section.6.4}{\376\377\0006\000.\0004\000\040\000i\000n\000s\000t\000/\000i\000n\000c\000l\000u\000d\000e\000/\000m\000r\000g\000s\000o\000l\000v\000e\000.\000h\000\040\000F\000i\000l\000e\000\040\000R\000e\000f\000e\000r\000e\000n\000c\000e}{chapter.6}% 30
\BOOKMARK [2][-]{subsection.6.4.1}{\376\377\0006\000.\0004\000.\0001\000\040\000F\000u\000n\000c\000t\000i\000o\000n\000\040\000D\000o\000c\000u\000m\000e\000n\000t\000a\000t\000i\000o\000n}{section.6.4}% 31
\BOOKMARK [3][-]{subsubsection.6.4.1.1}{\376\377\0006\000.\0004\000.\0001\000.\0001\000\040\000d\000i\000g\000i\000t\000s\000\050\000\051}{subsection.6.4.1}% 32
\BOOKMARK [3][-]{subsubsection.6.4.1.2}{\376\377\0006\000.\0004\000.\0001\000.\0002\000\040\000f\000i\000n\000d\000\137\000p\000o\000s\000i\000t\000i\000o\000n\000\050\000\051}{subsection.6.4.1}% 33
\BOOKMARK [3][-]{subsubsection.6.4.1.3}{\376\377\0006\000.\0004\000.\0001\000.\0003\000\040\000M\000V\000G\000A\000U\000S\000S\000\050\000\051}{subsection.6.4.1}% 34
\BOOKMARK [1][-]{section.6.5}{\376\377\0006\000.\0005\000\040\000i\000n\000s\000t\000/\000i\000n\000c\000l\000u\000d\000e\000/\000o\000d\000e\000p\000a\000c\000k\000\137\000d\000l\000s\000o\000d\000a\000.\000h\000\040\000F\000i\000l\000e\000\040\000R\000e\000f\000e\000r\000e\000n\000c\000e}{chapter.6}% 35
\BOOKMARK [1][-]{section.6.6}{\376\377\0006\000.\0006\000\040\000i\000n\000s\000t\000/\000i\000n\000c\000l\000u\000d\000e\000/\000o\000d\000e\000p\000r\000o\000b\000l\000e\000m\000.\000h\000\040\000F\000i\000l\000e\000\040\000R\000e\000f\000e\000r\000e\000n\000c\000e}{chapter.6}% 36
\BOOKMARK [2][-]{subsection.6.6.1}{\376\377\0006\000.\0006\000.\0001\000\040\000F\000u\000n\000c\000t\000i\000o\000n\000\040\000D\000o\000c\000u\000m\000e\000n\000t\000a\000t\000i\000o\000n}{section.6.6}% 37
\BOOKMARK [3][-]{subsubsection.6.6.1.1}{\376\377\0006\000.\0006\000.\0001\000.\0001\000\040\000a\000s\000\137\000c\000o\000n\000f\000i\000g\000\137\000f\000u\000n\000c\000\050\000\051}{subsection.6.6.1}% 38
\BOOKMARK [3][-]{subsubsection.6.6.1.2}{\376\377\0006\000.\0006\000.\0001\000.\0002\000\040\000a\000s\000\137\000d\000e\000r\000i\000v\000\137\000f\000u\000n\000c\000\050\000\051}{subsection.6.6.1}% 39
\BOOKMARK [3][-]{subsubsection.6.6.1.3}{\376\377\0006\000.\0006\000.\0001\000.\0003\000\040\000a\000s\000\137\000i\000n\000i\000t\000\137\000f\000u\000n\000c\000\050\000\051}{subsection.6.6.1}% 40
\BOOKMARK [3][-]{subsubsection.6.6.1.4}{\376\377\0006\000.\0006\000.\0001\000.\0004\000\040\000a\000s\000\137\000t\000a\000b\000l\000e\000\137\000f\000u\000n\000c\000\050\000\051}{subsection.6.6.1}% 41
\BOOKMARK [3][-]{subsubsection.6.6.1.5}{\376\377\0006\000.\0006\000.\0001\000.\0005\000\040\000P\000o\000l\000y\000E\000x\000p\000\050\000\051}{subsection.6.6.1}% 42
\BOOKMARK [1][-]{section.6.7}{\376\377\0006\000.\0007\000\040\000i\000n\000s\000t\000/\000i\000n\000c\000l\000u\000d\000e\000/\000t\000o\000f\000u\000n\000p\000t\000r\000.\000h\000\040\000F\000i\000l\000e\000\040\000R\000e\000f\000e\000r\000e\000n\000c\000e}{chapter.6}% 43
\BOOKMARK [1][-]{section.6.8}{\376\377\0006\000.\0008\000\040\000i\000n\000s\000t\000/\000m\000r\000g\000x\000/\000m\000r\000g\000x\000.\000h\000\040\000F\000i\000l\000e\000\040\000R\000e\000f\000e\000r\000e\000n\000c\000e}{chapter.6}% 44
\BOOKMARK [2][-]{subsection.6.8.1}{\376\377\0006\000.\0008\000.\0001\000\040\000F\000u\000n\000c\000t\000i\000o\000n\000\040\000D\000o\000c\000u\000m\000e\000n\000t\000a\000t\000i\000o\000n}{section.6.8}% 45
\BOOKMARK [3][-]{subsubsection.6.8.1.1}{\376\377\0006\000.\0008\000.\0001\000.\0001\000\040\000g\000e\000t\000\050\000\051\000\040\000[\0001\000/\0003\000]}{subsection.6.8.1}% 46
\BOOKMARK [3][-]{subsubsection.6.8.1.2}{\376\377\0006\000.\0008\000.\0001\000.\0002\000\040\000g\000e\000t\000\050\000\051\000\040\000[\0002\000/\0003\000]}{subsection.6.8.1}% 47
\BOOKMARK [3][-]{subsubsection.6.8.1.3}{\376\377\0006\000.\0008\000.\0001\000.\0003\000\040\000g\000e\000t\000\050\000\051\000\040\000[\0003\000/\0003\000]}{subsection.6.8.1}% 48
\BOOKMARK [3][-]{subsubsection.6.8.1.4}{\376\377\0006\000.\0008\000.\0001\000.\0004\000\040\000g\000e\000t\000\137\000e\000n\000v\000i\000r\000\050\000\051}{subsection.6.8.1}% 49
\BOOKMARK [3][-]{subsubsection.6.8.1.5}{\376\377\0006\000.\0008\000.\0001\000.\0005\000\040\000m\000t\000\137\000f\000u\000n\000\050\000\051}{subsection.6.8.1}% 50
\BOOKMARK [3][-]{subsubsection.6.8.1.6}{\376\377\0006\000.\0008\000.\0001\000.\0006\000\040\000r\000e\000a\000d\000R\000D\000S\000\050\000\051}{subsection.6.8.1}% 51
\BOOKMARK [3][-]{subsubsection.6.8.1.7}{\376\377\0006\000.\0008\000.\0001\000.\0007\000\040\000r\000l\000o\000g\000n\000o\000r\000m\000\050\000\051}{subsection.6.8.1}% 52
\BOOKMARK [3][-]{subsubsection.6.8.1.8}{\376\377\0006\000.\0008\000.\0001\000.\0008\000\040\000r\000n\000o\000r\000m\000\050\000\051}{subsection.6.8.1}% 53
\BOOKMARK [1][-]{section.6.9}{\376\377\0006\000.\0009\000\040\000s\000r\000c\000/\000d\000a\000t\000a\000o\000b\000j\000e\000c\000t\000.\000c\000p\000p\000\040\000F\000i\000l\000e\000\040\000R\000e\000f\000e\000r\000e\000n\000c\000e}{chapter.6}% 54
\BOOKMARK [1][-]{section.6.10}{\376\377\0006\000.\0001\0000\000\040\000s\000r\000c\000/\000d\000a\000t\000a\000r\000e\000c\000o\000r\000d\000.\000c\000p\000p\000\040\000F\000i\000l\000e\000\040\000R\000e\000f\000e\000r\000e\000n\000c\000e}{chapter.6}% 55
\BOOKMARK [1][-]{section.6.11}{\376\377\0006\000.\0001\0001\000\040\000s\000r\000c\000/\000d\000e\000v\000t\000r\000a\000n\000.\000c\000p\000p\000\040\000F\000i\000l\000e\000\040\000R\000e\000f\000e\000r\000e\000n\000c\000e}{chapter.6}% 56
\BOOKMARK [2][-]{subsection.6.11.1}{\376\377\0006\000.\0001\0001\000.\0001\000\040\000F\000u\000n\000c\000t\000i\000o\000n\000\040\000D\000o\000c\000u\000m\000e\000n\000t\000a\000t\000i\000o\000n}{section.6.11}% 57
\BOOKMARK [3][-]{subsubsection.6.11.1.1}{\376\377\0006\000.\0001\0001\000.\0001\000.\0001\000\040\000D\000E\000V\000T\000R\000A\000N\000\050\000\051}{subsection.6.11.1}% 58
\BOOKMARK [1][-]{section.6.12}{\376\377\0006\000.\0001\0002\000\040\000s\000r\000c\000/\000m\000r\000g\000s\000o\000l\000v\000e\000.\000c\000p\000p\000\040\000F\000i\000l\000e\000\040\000R\000e\000f\000e\000r\000e\000n\000c\000e}{chapter.6}% 59
\BOOKMARK [2][-]{subsection.6.12.1}{\376\377\0006\000.\0001\0002\000.\0001\000\040\000F\000u\000n\000c\000t\000i\000o\000n\000\040\000D\000o\000c\000u\000m\000e\000n\000t\000a\000t\000i\000o\000n}{section.6.12}% 60
\BOOKMARK [3][-]{subsubsection.6.12.1.1}{\376\377\0006\000.\0001\0002\000.\0001\000.\0001\000\040\000d\000i\000g\000i\000t\000s\000\050\000\051}{subsection.6.12.1}% 61
\BOOKMARK [3][-]{subsubsection.6.12.1.2}{\376\377\0006\000.\0001\0002\000.\0001\000.\0002\000\040\000f\000i\000n\000d\000\137\000p\000o\000s\000i\000t\000i\000o\000n\000\050\000\051}{subsection.6.12.1}% 62
\BOOKMARK [3][-]{subsubsection.6.12.1.3}{\376\377\0006\000.\0001\0002\000.\0001\000.\0003\000\040\000M\000V\000G\000A\000U\000S\000S\000\050\000\051}{subsection.6.12.1}% 63
\BOOKMARK [1][-]{section.6.13}{\376\377\0006\000.\0001\0003\000\040\000s\000r\000c\000/\000o\000d\000e\000p\000a\000c\000k\000\137\000d\000l\000s\000o\000d\000a\000.\000c\000p\000p\000\040\000F\000i\000l\000e\000\040\000R\000e\000f\000e\000r\000e\000n\000c\000e}{chapter.6}% 64
\BOOKMARK [1][-]{section.6.14}{\376\377\0006\000.\0001\0004\000\040\000s\000r\000c\000/\000o\000d\000e\000p\000r\000o\000b\000l\000e\000m\000.\000c\000p\000p\000\040\000F\000i\000l\000e\000\040\000R\000e\000f\000e\000r\000e\000n\000c\000e}{chapter.6}% 65
\BOOKMARK [2][-]{subsection.6.14.1}{\376\377\0006\000.\0001\0004\000.\0001\000\040\000F\000u\000n\000c\000t\000i\000o\000n\000\040\000D\000o\000c\000u\000m\000e\000n\000t\000a\000t\000i\000o\000n}{section.6.14}% 66
\BOOKMARK [3][-]{subsubsection.6.14.1.1}{\376\377\0006\000.\0001\0004\000.\0001\000.\0001\000\040\000a\000s\000\137\000c\000o\000n\000f\000i\000g\000\137\000f\000u\000n\000c\000\050\000\051}{subsection.6.14.1}% 67
\BOOKMARK [3][-]{subsubsection.6.14.1.2}{\376\377\0006\000.\0001\0004\000.\0001\000.\0002\000\040\000a\000s\000\137\000d\000e\000r\000i\000v\000\137\000f\000u\000n\000c\000\050\000\051}{subsection.6.14.1}% 68
\BOOKMARK [3][-]{subsubsection.6.14.1.3}{\376\377\0006\000.\0001\0004\000.\0001\000.\0003\000\040\000a\000s\000\137\000i\000n\000i\000t\000\137\000f\000u\000n\000c\000\050\000\051}{subsection.6.14.1}% 69
\BOOKMARK [3][-]{subsubsection.6.14.1.4}{\376\377\0006\000.\0001\0004\000.\0001\000.\0004\000\040\000a\000s\000\137\000t\000a\000b\000l\000e\000\137\000f\000u\000n\000c\000\050\000\051}{subsection.6.14.1}% 70
\BOOKMARK [3][-]{subsubsection.6.14.1.5}{\376\377\0006\000.\0001\0004\000.\0001\000.\0005\000\040\000m\000a\000i\000n\000\137\000d\000e\000r\000i\000v\000s\000\050\000\051}{subsection.6.14.1}% 71
\BOOKMARK [3][-]{subsubsection.6.14.1.6}{\376\377\0006\000.\0001\0004\000.\0001\000.\0006\000\040\000P\000o\000l\000y\000E\000x\000p\000\050\000\051}{subsection.6.14.1}% 72
\BOOKMARK [3][-]{subsubsection.6.14.1.7}{\376\377\0006\000.\0001\0004\000.\0001\000.\0007\000\040\000T\000O\000U\000C\000H\000\137\000F\000U\000N\000S\000\050\000\051}{subsection.6.14.1}% 73
\BOOKMARK [1][-]{section.6.15}{\376\377\0006\000.\0001\0005\000\040\000s\000r\000c\000/\000q\000u\000i\000c\000k\000.\000c\000p\000p\000\040\000F\000i\000l\000e\000\040\000R\000e\000f\000e\000r\000e\000n\000c\000e}{chapter.6}% 74
\BOOKMARK [0][-]{section*.46}{\376\377\000I\000n\000d\000e\000x}{}% 75
